c:\users\402\desktop\hw5_2013136015_김두현\mfc_exp06\mfc_exp01\debug\mfc_exp01.pch
c:\users\402\desktop\hw5_2013136015_김두현\mfc_exp06\mfc_exp01\debug\vc141.pdb
c:\users\402\desktop\hw5_2013136015_김두현\mfc_exp06\mfc_exp01\debug\vc141.idb
c:\users\402\desktop\hw5_2013136015_김두현\mfc_exp06\mfc_exp01\debug\stdafx.obj
c:\users\402\desktop\hw5_2013136015_김두현\mfc_exp06\mfc_exp01\debug\mfc_exp01view.obj
c:\users\402\desktop\hw5_2013136015_김두현\mfc_exp06\mfc_exp01\debug\mfc_exp01doc.obj
c:\users\402\desktop\hw5_2013136015_김두현\mfc_exp06\mfc_exp01\debug\mfc_exp01.obj
c:\users\402\desktop\hw5_2013136015_김두현\mfc_exp06\mfc_exp01\debug\mainfrm.obj
c:\users\402\desktop\hw5_2013136015_김두현\mfc_exp06\mfc_exp01\debug\childfrm.obj
c:\users\402\desktop\hw5_2013136015_김두현\mfc_exp06\debug\mfc_exp01.exe
c:\users\402\desktop\hw5_2013136015_김두현\mfc_exp06\debug\mfc_exp01.ilk
c:\users\402\desktop\hw5_2013136015_김두현\mfc_exp06\debug\mfc_exp01.pdb
c:\users\402\desktop\hw5_2013136015_김두현\mfc_exp06\mfc_exp01\debug\mfc_exp01.res
c:\users\doohyun\documents\자주 쓰는 것들\학교 문서들\4학년\2학기\지능형영상처리\과제\프로젝트\mfc_exp06\mfc_exp01\debug\childfrm.obj
c:\users\doohyun\documents\자주 쓰는 것들\학교 문서들\4학년\2학기\지능형영상처리\과제\프로젝트\mfc_exp06\mfc_exp01\debug\mainfrm.obj
c:\users\doohyun\documents\자주 쓰는 것들\학교 문서들\4학년\2학기\지능형영상처리\과제\프로젝트\mfc_exp06\mfc_exp01\debug\mfc_exp01.obj
c:\users\doohyun\documents\자주 쓰는 것들\학교 문서들\4학년\2학기\지능형영상처리\과제\프로젝트\mfc_exp06\mfc_exp01\debug\mfc_exp01doc.obj
c:\users\doohyun\documents\자주 쓰는 것들\학교 문서들\4학년\2학기\지능형영상처리\과제\프로젝트\mfc_exp06\mfc_exp01\debug\mfc_exp01view.obj
c:\users\doohyun\documents\자주 쓰는 것들\학교 문서들\4학년\2학기\지능형영상처리\과제\프로젝트\mfc_exp06\mfc_exp01\debug\stdafx.obj
c:\users\doohyun\documents\자주 쓰는 것들\학교 문서들\4학년\2학기\지능형영상처리\과제\프로젝트\mfc_exp06\mfc_exp01\debug\mfc_exp01.res
c:\users\doohyun\documents\자주 쓰는 것들\학교 문서들\4학년\2학기\지능형영상처리\과제\프로젝트\mfc_exp06\mfc_exp01\debug\mfc_exp01.pch
c:\users\doohyun\documents\자주 쓰는 것들\학교 문서들\4학년\2학기\지능형영상처리\과제\프로젝트\mfc_exp06\mfc_exp01\debug\vc141.idb
c:\users\doohyun\documents\자주 쓰는 것들\학교 문서들\4학년\2학기\지능형영상처리\과제\프로젝트\mfc_exp06\mfc_exp01\debug\vc141.pdb
c:\users\doohyun\documents\자주 쓰는 것들\학교 문서들\4학년\2학기\지능형영상처리\과제\프로젝트\mfc_exp06\debug\mfc_exp01.pdb
c:\users\doohyun\documents\자주 쓰는 것들\학교 문서들\4학년\2학기\지능형영상처리\과제\프로젝트\mfc_exp06\debug\mfc_exp01.exe
c:\users\doohyun\documents\자주 쓰는 것들\학교 문서들\4학년\2학기\지능형영상처리\과제\프로젝트\mfc_exp06\debug\mfc_exp01.ilk
c:\users\doohyun\documents\자주 쓰는 것들\학교 문서들\4학년\2학기\지능형영상처리\과제\프로젝트\mfc_exp06\mfc_exp01\debug\mfc_exp01.tlog\cl.command.1.tlog
c:\users\doohyun\documents\자주 쓰는 것들\학교 문서들\4학년\2학기\지능형영상처리\과제\프로젝트\mfc_exp06\mfc_exp01\debug\mfc_exp01.tlog\cl.read.1.tlog
c:\users\doohyun\documents\자주 쓰는 것들\학교 문서들\4학년\2학기\지능형영상처리\과제\프로젝트\mfc_exp06\mfc_exp01\debug\mfc_exp01.tlog\cl.write.1.tlog
c:\users\doohyun\documents\자주 쓰는 것들\학교 문서들\4학년\2학기\지능형영상처리\과제\프로젝트\mfc_exp06\mfc_exp01\debug\mfc_exp01.tlog\link.command.1.tlog
c:\users\doohyun\documents\자주 쓰는 것들\학교 문서들\4학년\2학기\지능형영상처리\과제\프로젝트\mfc_exp06\mfc_exp01\debug\mfc_exp01.tlog\link.read.1.tlog
c:\users\doohyun\documents\자주 쓰는 것들\학교 문서들\4학년\2학기\지능형영상처리\과제\프로젝트\mfc_exp06\mfc_exp01\debug\mfc_exp01.tlog\link.write.1.tlog
c:\users\doohyun\documents\자주 쓰는 것들\학교 문서들\4학년\2학기\지능형영상처리\과제\프로젝트\mfc_exp06\mfc_exp01\debug\mfc_exp01.tlog\rc.command.1.tlog
c:\users\doohyun\documents\자주 쓰는 것들\학교 문서들\4학년\2학기\지능형영상처리\과제\프로젝트\mfc_exp06\mfc_exp01\debug\mfc_exp01.tlog\rc.read.1.tlog
c:\users\doohyun\documents\자주 쓰는 것들\학교 문서들\4학년\2학기\지능형영상처리\과제\프로젝트\mfc_exp06\mfc_exp01\debug\mfc_exp01.tlog\rc.write.1.tlog
