  MFC_Exp01Doc.cpp
c:\users\doohyun\documents\자주 쓰는 것들\학교 문서들\4학년\2학기\지능형영상처리\과제\프로젝트\과제-일반코드\mfc_exp08\mfc_exp01\mfc_exp01doc.cpp(128): warning C4018: '<': signed 또는 unsigned가 일치하지 않습니다.
c:\users\doohyun\documents\자주 쓰는 것들\학교 문서들\4학년\2학기\지능형영상처리\과제\프로젝트\과제-일반코드\mfc_exp08\mfc_exp01\mfc_exp01doc.cpp(138): warning C4018: '<': signed 또는 unsigned가 일치하지 않습니다.
c:\users\doohyun\documents\자주 쓰는 것들\학교 문서들\4학년\2학기\지능형영상처리\과제\프로젝트\과제-일반코드\mfc_exp08\mfc_exp01\mfc_exp01doc.cpp(146): warning C4018: '<': signed 또는 unsigned가 일치하지 않습니다.
c:\users\doohyun\documents\자주 쓰는 것들\학교 문서들\4학년\2학기\지능형영상처리\과제\프로젝트\과제-일반코드\mfc_exp08\mfc_exp01\mfc_exp01doc.cpp(148): warning C4018: '<': signed 또는 unsigned가 일치하지 않습니다.
c:\users\doohyun\documents\자주 쓰는 것들\학교 문서들\4학년\2학기\지능형영상처리\과제\프로젝트\과제-일반코드\mfc_exp08\mfc_exp01\mfc_exp01doc.cpp(151): warning C4244: '=': 'double'에서 'unsigned char'(으)로 변환하면서 데이터가 손실될 수 있습니다.
c:\users\doohyun\documents\자주 쓰는 것들\학교 문서들\4학년\2학기\지능형영상처리\과제\프로젝트\과제-일반코드\mfc_exp08\mfc_exp01\mfc_exp01doc.cpp(240): warning C4018: '<': signed 또는 unsigned가 일치하지 않습니다.
c:\users\doohyun\documents\자주 쓰는 것들\학교 문서들\4학년\2학기\지능형영상처리\과제\프로젝트\과제-일반코드\mfc_exp08\mfc_exp01\mfc_exp01doc.cpp(242): warning C4018: '<': signed 또는 unsigned가 일치하지 않습니다.
c:\users\doohyun\documents\자주 쓰는 것들\학교 문서들\4학년\2학기\지능형영상처리\과제\프로젝트\과제-일반코드\mfc_exp08\mfc_exp01\mfc_exp01doc.cpp(271): warning C4018: '<': signed 또는 unsigned가 일치하지 않습니다.
c:\users\doohyun\documents\자주 쓰는 것들\학교 문서들\4학년\2학기\지능형영상처리\과제\프로젝트\과제-일반코드\mfc_exp08\mfc_exp01\mfc_exp01doc.cpp(273): warning C4018: '<': signed 또는 unsigned가 일치하지 않습니다.
c:\users\doohyun\documents\자주 쓰는 것들\학교 문서들\4학년\2학기\지능형영상처리\과제\프로젝트\과제-일반코드\mfc_exp08\mfc_exp01\mfc_exp01doc.cpp(289): warning C4018: '<': signed 또는 unsigned가 일치하지 않습니다.
c:\users\doohyun\documents\자주 쓰는 것들\학교 문서들\4학년\2학기\지능형영상처리\과제\프로젝트\과제-일반코드\mfc_exp08\mfc_exp01\mfc_exp01doc.cpp(291): warning C4244: '초기화 중': 'float'에서 'int'(으)로 변환하면서 데이터가 손실될 수 있습니다.
c:\users\doohyun\documents\자주 쓰는 것들\학교 문서들\4학년\2학기\지능형영상처리\과제\프로젝트\과제-일반코드\mfc_exp08\mfc_exp01\mfc_exp01doc.cpp(292): warning C4244: '초기화 중': 'float'에서 'int'(으)로 변환하면서 데이터가 손실될 수 있습니다.
c:\users\doohyun\documents\자주 쓰는 것들\학교 문서들\4학년\2학기\지능형영상처리\과제\프로젝트\과제-일반코드\mfc_exp08\mfc_exp01\mfc_exp01doc.cpp(308): warning C4018: '<': signed 또는 unsigned가 일치하지 않습니다.
c:\users\doohyun\documents\자주 쓰는 것들\학교 문서들\4학년\2학기\지능형영상처리\과제\프로젝트\과제-일반코드\mfc_exp08\mfc_exp01\mfc_exp01doc.cpp(310): warning C4018: '<': signed 또는 unsigned가 일치하지 않습니다.
c:\users\doohyun\documents\자주 쓰는 것들\학교 문서들\4학년\2학기\지능형영상처리\과제\프로젝트\과제-일반코드\mfc_exp08\mfc_exp01\mfc_exp01doc.cpp(334): warning C4018: '<': signed 또는 unsigned가 일치하지 않습니다.
c:\users\doohyun\documents\자주 쓰는 것들\학교 문서들\4학년\2학기\지능형영상처리\과제\프로젝트\과제-일반코드\mfc_exp08\mfc_exp01\mfc_exp01doc.cpp(336): warning C4018: '<': signed 또는 unsigned가 일치하지 않습니다.
c:\users\doohyun\documents\자주 쓰는 것들\학교 문서들\4학년\2학기\지능형영상처리\과제\프로젝트\과제-일반코드\mfc_exp08\mfc_exp01\mfc_exp01doc.cpp(395): warning C4018: '<': signed 또는 unsigned가 일치하지 않습니다.
c:\users\doohyun\documents\자주 쓰는 것들\학교 문서들\4학년\2학기\지능형영상처리\과제\프로젝트\과제-일반코드\mfc_exp08\mfc_exp01\mfc_exp01doc.cpp(397): warning C4018: '<': signed 또는 unsigned가 일치하지 않습니다.
c:\users\doohyun\documents\자주 쓰는 것들\학교 문서들\4학년\2학기\지능형영상처리\과제\프로젝트\과제-일반코드\mfc_exp08\mfc_exp01\mfc_exp01doc.cpp(424): warning C4018: '<': signed 또는 unsigned가 일치하지 않습니다.
c:\users\doohyun\documents\자주 쓰는 것들\학교 문서들\4학년\2학기\지능형영상처리\과제\프로젝트\과제-일반코드\mfc_exp08\mfc_exp01\mfc_exp01doc.cpp(426): warning C4018: '<': signed 또는 unsigned가 일치하지 않습니다.
c:\users\doohyun\documents\자주 쓰는 것들\학교 문서들\4학년\2학기\지능형영상처리\과제\프로젝트\과제-일반코드\mfc_exp08\mfc_exp01\mfc_exp01doc.cpp(497): warning C4018: '<': signed 또는 unsigned가 일치하지 않습니다.
c:\users\doohyun\documents\자주 쓰는 것들\학교 문서들\4학년\2학기\지능형영상처리\과제\프로젝트\과제-일반코드\mfc_exp08\mfc_exp01\mfc_exp01doc.cpp(499): warning C4018: '<': signed 또는 unsigned가 일치하지 않습니다.
c:\users\doohyun\documents\자주 쓰는 것들\학교 문서들\4학년\2학기\지능형영상처리\과제\프로젝트\과제-일반코드\mfc_exp08\mfc_exp01\mfc_exp01doc.cpp(526): warning C4018: '<': signed 또는 unsigned가 일치하지 않습니다.
c:\users\doohyun\documents\자주 쓰는 것들\학교 문서들\4학년\2학기\지능형영상처리\과제\프로젝트\과제-일반코드\mfc_exp08\mfc_exp01\mfc_exp01doc.cpp(528): warning C4018: '<': signed 또는 unsigned가 일치하지 않습니다.
c:\users\doohyun\documents\자주 쓰는 것들\학교 문서들\4학년\2학기\지능형영상처리\과제\프로젝트\과제-일반코드\mfc_exp08\mfc_exp01\mfc_exp01doc.cpp(541): warning C4018: '<': signed 또는 unsigned가 일치하지 않습니다.
c:\users\doohyun\documents\자주 쓰는 것들\학교 문서들\4학년\2학기\지능형영상처리\과제\프로젝트\과제-일반코드\mfc_exp08\mfc_exp01\mfc_exp01doc.cpp(545): warning C4018: '<': signed 또는 unsigned가 일치하지 않습니다.
c:\users\doohyun\documents\자주 쓰는 것들\학교 문서들\4학년\2학기\지능형영상처리\과제\프로젝트\과제-일반코드\mfc_exp08\mfc_exp01\mfc_exp01doc.cpp(564): warning C4018: '<': signed 또는 unsigned가 일치하지 않습니다.
c:\users\doohyun\documents\자주 쓰는 것들\학교 문서들\4학년\2학기\지능형영상처리\과제\프로젝트\과제-일반코드\mfc_exp08\mfc_exp01\mfc_exp01doc.cpp(566): warning C4018: '<': signed 또는 unsigned가 일치하지 않습니다.
c:\users\doohyun\documents\자주 쓰는 것들\학교 문서들\4학년\2학기\지능형영상처리\과제\프로젝트\과제-일반코드\mfc_exp08\mfc_exp01\mfc_exp01doc.cpp(581): warning C4018: '<': signed 또는 unsigned가 일치하지 않습니다.
c:\users\doohyun\documents\자주 쓰는 것들\학교 문서들\4학년\2학기\지능형영상처리\과제\프로젝트\과제-일반코드\mfc_exp08\mfc_exp01\mfc_exp01doc.cpp(586): warning C4018: '<': signed 또는 unsigned가 일치하지 않습니다.
c:\users\doohyun\documents\자주 쓰는 것들\학교 문서들\4학년\2학기\지능형영상처리\과제\프로젝트\과제-일반코드\mfc_exp08\mfc_exp01\mfc_exp01doc.cpp(620): warning C4018: '<': signed 또는 unsigned가 일치하지 않습니다.
c:\users\doohyun\documents\자주 쓰는 것들\학교 문서들\4학년\2학기\지능형영상처리\과제\프로젝트\과제-일반코드\mfc_exp08\mfc_exp01\mfc_exp01doc.cpp(621): warning C4018: '<': signed 또는 unsigned가 일치하지 않습니다.
c:\users\doohyun\documents\자주 쓰는 것들\학교 문서들\4학년\2학기\지능형영상처리\과제\프로젝트\과제-일반코드\mfc_exp08\mfc_exp01\mfc_exp01doc.cpp(641): warning C4018: '<': signed 또는 unsigned가 일치하지 않습니다.
c:\users\doohyun\documents\자주 쓰는 것들\학교 문서들\4학년\2학기\지능형영상처리\과제\프로젝트\과제-일반코드\mfc_exp08\mfc_exp01\mfc_exp01doc.cpp(643): warning C4018: '<': signed 또는 unsigned가 일치하지 않습니다.
c:\users\doohyun\documents\자주 쓰는 것들\학교 문서들\4학년\2학기\지능형영상처리\과제\프로젝트\과제-일반코드\mfc_exp08\mfc_exp01\mfc_exp01doc.cpp(708): warning C4018: '<': signed 또는 unsigned가 일치하지 않습니다.
c:\users\doohyun\documents\자주 쓰는 것들\학교 문서들\4학년\2학기\지능형영상처리\과제\프로젝트\과제-일반코드\mfc_exp08\mfc_exp01\mfc_exp01doc.cpp(710): warning C4018: '<': signed 또는 unsigned가 일치하지 않습니다.
c:\users\doohyun\documents\자주 쓰는 것들\학교 문서들\4학년\2학기\지능형영상처리\과제\프로젝트\과제-일반코드\mfc_exp08\mfc_exp01\mfc_exp01doc.cpp(716): warning C4244: '+=': 'double'에서 'int'(으)로 변환하면서 데이터가 손실될 수 있습니다.
c:\users\doohyun\documents\자주 쓰는 것들\학교 문서들\4학년\2학기\지능형영상처리\과제\프로젝트\과제-일반코드\mfc_exp08\mfc_exp01\mfc_exp01doc.cpp(722): warning C4018: '<': signed 또는 unsigned가 일치하지 않습니다.
c:\users\doohyun\documents\자주 쓰는 것들\학교 문서들\4학년\2학기\지능형영상처리\과제\프로젝트\과제-일반코드\mfc_exp08\mfc_exp01\mfc_exp01doc.cpp(726): warning C4018: '<': signed 또는 unsigned가 일치하지 않습니다.
c:\users\doohyun\documents\자주 쓰는 것들\학교 문서들\4학년\2학기\지능형영상처리\과제\프로젝트\과제-일반코드\mfc_exp08\mfc_exp01\mfc_exp01doc.cpp(706): warning C4101: 'c' :참조되지 않은 지역 변수입니다.
c:\users\doohyun\documents\자주 쓰는 것들\학교 문서들\4학년\2학기\지능형영상처리\과제\프로젝트\과제-일반코드\mfc_exp08\mfc_exp01\mfc_exp01doc.cpp(706): warning C4101: 'j' :참조되지 않은 지역 변수입니다.
c:\users\doohyun\documents\자주 쓰는 것들\학교 문서들\4학년\2학기\지능형영상처리\과제\프로젝트\과제-일반코드\mfc_exp08\mfc_exp01\mfc_exp01doc.cpp(706): warning C4101: 'i' :참조되지 않은 지역 변수입니다.
c:\users\doohyun\documents\자주 쓰는 것들\학교 문서들\4학년\2학기\지능형영상처리\과제\프로젝트\과제-일반코드\mfc_exp08\mfc_exp01\mfc_exp01doc.cpp(706): warning C4101: 'r' :참조되지 않은 지역 변수입니다.
c:\users\doohyun\documents\자주 쓰는 것들\학교 문서들\4학년\2학기\지능형영상처리\과제\프로젝트\과제-일반코드\mfc_exp08\mfc_exp01\mfc_exp01doc.cpp(755): warning C4018: '<': signed 또는 unsigned가 일치하지 않습니다.
c:\users\doohyun\documents\자주 쓰는 것들\학교 문서들\4학년\2학기\지능형영상처리\과제\프로젝트\과제-일반코드\mfc_exp08\mfc_exp01\mfc_exp01doc.cpp(757): warning C4018: '<': signed 또는 unsigned가 일치하지 않습니다.
c:\users\doohyun\documents\자주 쓰는 것들\학교 문서들\4학년\2학기\지능형영상처리\과제\프로젝트\과제-일반코드\mfc_exp08\mfc_exp01\mfc_exp01doc.cpp(806): warning C4018: '<': signed 또는 unsigned가 일치하지 않습니다.
c:\users\doohyun\documents\자주 쓰는 것들\학교 문서들\4학년\2학기\지능형영상처리\과제\프로젝트\과제-일반코드\mfc_exp08\mfc_exp01\mfc_exp01doc.cpp(808): warning C4018: '<': signed 또는 unsigned가 일치하지 않습니다.
c:\users\doohyun\documents\자주 쓰는 것들\학교 문서들\4학년\2학기\지능형영상처리\과제\프로젝트\과제-일반코드\mfc_exp08\mfc_exp01\mfc_exp01doc.cpp(876): warning C4018: '<': signed 또는 unsigned가 일치하지 않습니다.
c:\users\doohyun\documents\자주 쓰는 것들\학교 문서들\4학년\2학기\지능형영상처리\과제\프로젝트\과제-일반코드\mfc_exp08\mfc_exp01\mfc_exp01doc.cpp(879): warning C4018: '<': signed 또는 unsigned가 일치하지 않습니다.
c:\users\doohyun\documents\자주 쓰는 것들\학교 문서들\4학년\2학기\지능형영상처리\과제\프로젝트\과제-일반코드\mfc_exp08\mfc_exp01\mfc_exp01doc.cpp(881): warning C4018: '<': signed 또는 unsigned가 일치하지 않습니다.
c:\users\doohyun\documents\자주 쓰는 것들\학교 문서들\4학년\2학기\지능형영상처리\과제\프로젝트\과제-일반코드\mfc_exp08\mfc_exp01\mfc_exp01doc.cpp(889): warning C4244: '+=': 'double'에서 'int'(으)로 변환하면서 데이터가 손실될 수 있습니다.
c:\users\doohyun\documents\자주 쓰는 것들\학교 문서들\4학년\2학기\지능형영상처리\과제\프로젝트\과제-일반코드\mfc_exp08\mfc_exp01\mfc_exp01doc.cpp(890): warning C4244: '+=': 'double'에서 'int'(으)로 변환하면서 데이터가 손실될 수 있습니다.
c:\users\doohyun\documents\자주 쓰는 것들\학교 문서들\4학년\2학기\지능형영상처리\과제\프로젝트\과제-일반코드\mfc_exp08\mfc_exp01\mfc_exp01doc.cpp(954): warning C4244: '=': 'double'에서 'int'(으)로 변환하면서 데이터가 손실될 수 있습니다.
c:\users\doohyun\documents\자주 쓰는 것들\학교 문서들\4학년\2학기\지능형영상처리\과제\프로젝트\과제-일반코드\mfc_exp08\mfc_exp01\mfc_exp01doc.cpp(957): warning C4018: '>': signed 또는 unsigned가 일치하지 않습니다.
c:\users\doohyun\documents\자주 쓰는 것들\학교 문서들\4학년\2학기\지능형영상처리\과제\프로젝트\과제-일반코드\mfc_exp08\mfc_exp01\mfc_exp01doc.cpp(969): warning C4018: '<': signed 또는 unsigned가 일치하지 않습니다.
c:\users\doohyun\documents\자주 쓰는 것들\학교 문서들\4학년\2학기\지능형영상처리\과제\프로젝트\과제-일반코드\mfc_exp08\mfc_exp01\mfc_exp01doc.cpp(971): warning C4018: '<': signed 또는 unsigned가 일치하지 않습니다.
c:\users\doohyun\documents\자주 쓰는 것들\학교 문서들\4학년\2학기\지능형영상처리\과제\프로젝트\과제-일반코드\mfc_exp08\mfc_exp01\mfc_exp01doc.cpp(924): warning C4101: 'y2' :참조되지 않은 지역 변수입니다.
c:\users\doohyun\documents\자주 쓰는 것들\학교 문서들\4학년\2학기\지능형영상처리\과제\프로젝트\과제-일반코드\mfc_exp08\mfc_exp01\mfc_exp01doc.cpp(924): warning C4101: 'x2' :참조되지 않은 지역 변수입니다.
c:\users\doohyun\documents\자주 쓰는 것들\학교 문서들\4학년\2학기\지능형영상처리\과제\프로젝트\과제-일반코드\mfc_exp08\mfc_exp01\mfc_exp01doc.cpp(1003): warning C4018: '>': signed 또는 unsigned가 일치하지 않습니다.
c:\users\doohyun\documents\자주 쓰는 것들\학교 문서들\4학년\2학기\지능형영상처리\과제\프로젝트\과제-일반코드\mfc_exp08\mfc_exp01\mfc_exp01doc.cpp(1036): warning C4018: '<': signed 또는 unsigned가 일치하지 않습니다.
c:\users\doohyun\documents\자주 쓰는 것들\학교 문서들\4학년\2학기\지능형영상처리\과제\프로젝트\과제-일반코드\mfc_exp08\mfc_exp01\mfc_exp01doc.cpp(1038): warning C4018: '<': signed 또는 unsigned가 일치하지 않습니다.
c:\users\doohyun\documents\자주 쓰는 것들\학교 문서들\4학년\2학기\지능형영상처리\과제\프로젝트\과제-일반코드\mfc_exp08\mfc_exp01\mfc_exp01doc.cpp(1049): warning C4018: '>': signed 또는 unsigned가 일치하지 않습니다.
c:\users\doohyun\documents\자주 쓰는 것들\학교 문서들\4학년\2학기\지능형영상처리\과제\프로젝트\과제-일반코드\mfc_exp08\mfc_exp01\mfc_exp01doc.cpp(1066): warning C4018: '<': signed 또는 unsigned가 일치하지 않습니다.
c:\users\doohyun\documents\자주 쓰는 것들\학교 문서들\4학년\2학기\지능형영상처리\과제\프로젝트\과제-일반코드\mfc_exp08\mfc_exp01\mfc_exp01doc.cpp(1068): warning C4018: '<': signed 또는 unsigned가 일치하지 않습니다.
c:\users\doohyun\documents\자주 쓰는 것들\학교 문서들\4학년\2학기\지능형영상처리\과제\프로젝트\과제-일반코드\mfc_exp08\mfc_exp01\mfc_exp01doc.cpp(1082): warning C4018: '<': signed 또는 unsigned가 일치하지 않습니다.
c:\users\doohyun\documents\자주 쓰는 것들\학교 문서들\4학년\2학기\지능형영상처리\과제\프로젝트\과제-일반코드\mfc_exp08\mfc_exp01\mfc_exp01doc.cpp(1084): warning C4018: '<': signed 또는 unsigned가 일치하지 않습니다.
c:\users\doohyun\documents\자주 쓰는 것들\학교 문서들\4학년\2학기\지능형영상처리\과제\프로젝트\과제-일반코드\mfc_exp08\mfc_exp01\mfc_exp01doc.cpp(1122): warning C4018: '<': signed 또는 unsigned가 일치하지 않습니다.
c:\users\doohyun\documents\자주 쓰는 것들\학교 문서들\4학년\2학기\지능형영상처리\과제\프로젝트\과제-일반코드\mfc_exp08\mfc_exp01\mfc_exp01doc.cpp(1124): warning C4018: '<': signed 또는 unsigned가 일치하지 않습니다.
c:\users\doohyun\documents\자주 쓰는 것들\학교 문서들\4학년\2학기\지능형영상처리\과제\프로젝트\과제-일반코드\mfc_exp08\mfc_exp01\mfc_exp01doc.cpp(1166): warning C4018: '<': signed 또는 unsigned가 일치하지 않습니다.
c:\users\doohyun\documents\자주 쓰는 것들\학교 문서들\4학년\2학기\지능형영상처리\과제\프로젝트\과제-일반코드\mfc_exp08\mfc_exp01\mfc_exp01doc.cpp(1168): warning C4018: '<': signed 또는 unsigned가 일치하지 않습니다.
c:\users\doohyun\documents\자주 쓰는 것들\학교 문서들\4학년\2학기\지능형영상처리\과제\프로젝트\과제-일반코드\mfc_exp08\mfc_exp01\mfc_exp01doc.cpp(1179): warning C4018: '<': signed 또는 unsigned가 일치하지 않습니다.
c:\users\doohyun\documents\자주 쓰는 것들\학교 문서들\4학년\2학기\지능형영상처리\과제\프로젝트\과제-일반코드\mfc_exp08\mfc_exp01\mfc_exp01doc.cpp(1181): warning C4018: '<': signed 또는 unsigned가 일치하지 않습니다.
c:\users\doohyun\documents\자주 쓰는 것들\학교 문서들\4학년\2학기\지능형영상처리\과제\프로젝트\과제-일반코드\mfc_exp08\mfc_exp01\mfc_exp01doc.cpp(1189): warning C4018: '<': signed 또는 unsigned가 일치하지 않습니다.
c:\users\doohyun\documents\자주 쓰는 것들\학교 문서들\4학년\2학기\지능형영상처리\과제\프로젝트\과제-일반코드\mfc_exp08\mfc_exp01\mfc_exp01doc.cpp(1191): warning C4018: '<': signed 또는 unsigned가 일치하지 않습니다.
c:\users\doohyun\documents\자주 쓰는 것들\학교 문서들\4학년\2학기\지능형영상처리\과제\프로젝트\과제-일반코드\mfc_exp08\mfc_exp01\mfc_exp01doc.cpp(1197): warning C4018: '<': signed 또는 unsigned가 일치하지 않습니다.
c:\users\doohyun\documents\자주 쓰는 것들\학교 문서들\4학년\2학기\지능형영상처리\과제\프로젝트\과제-일반코드\mfc_exp08\mfc_exp01\mfc_exp01doc.cpp(1199): warning C4018: '<': signed 또는 unsigned가 일치하지 않습니다.
c:\users\doohyun\documents\자주 쓰는 것들\학교 문서들\4학년\2학기\지능형영상처리\과제\프로젝트\과제-일반코드\mfc_exp08\mfc_exp01\mfc_exp01doc.cpp(1215): warning C4018: '<': signed 또는 unsigned가 일치하지 않습니다.
c:\users\doohyun\documents\자주 쓰는 것들\학교 문서들\4학년\2학기\지능형영상처리\과제\프로젝트\과제-일반코드\mfc_exp08\mfc_exp01\mfc_exp01doc.cpp(1217): warning C4018: '<': signed 또는 unsigned가 일치하지 않습니다.
c:\users\doohyun\documents\자주 쓰는 것들\학교 문서들\4학년\2학기\지능형영상처리\과제\프로젝트\과제-일반코드\mfc_exp08\mfc_exp01\mfc_exp01doc.cpp(1228): warning C4018: '<': signed 또는 unsigned가 일치하지 않습니다.
c:\users\doohyun\documents\자주 쓰는 것들\학교 문서들\4학년\2학기\지능형영상처리\과제\프로젝트\과제-일반코드\mfc_exp08\mfc_exp01\mfc_exp01doc.cpp(1230): warning C4018: '<': signed 또는 unsigned가 일치하지 않습니다.
c:\users\doohyun\documents\자주 쓰는 것들\학교 문서들\4학년\2학기\지능형영상처리\과제\프로젝트\과제-일반코드\mfc_exp08\mfc_exp01\mfc_exp01doc.cpp(1238): warning C4018: '<': signed 또는 unsigned가 일치하지 않습니다.
c:\users\doohyun\documents\자주 쓰는 것들\학교 문서들\4학년\2학기\지능형영상처리\과제\프로젝트\과제-일반코드\mfc_exp08\mfc_exp01\mfc_exp01doc.cpp(1240): warning C4018: '<': signed 또는 unsigned가 일치하지 않습니다.
c:\users\doohyun\documents\자주 쓰는 것들\학교 문서들\4학년\2학기\지능형영상처리\과제\프로젝트\과제-일반코드\mfc_exp08\mfc_exp01\mfc_exp01doc.cpp(1246): warning C4018: '<': signed 또는 unsigned가 일치하지 않습니다.
c:\users\doohyun\documents\자주 쓰는 것들\학교 문서들\4학년\2학기\지능형영상처리\과제\프로젝트\과제-일반코드\mfc_exp08\mfc_exp01\mfc_exp01doc.cpp(1248): warning C4018: '<': signed 또는 unsigned가 일치하지 않습니다.
c:\users\doohyun\documents\자주 쓰는 것들\학교 문서들\4학년\2학기\지능형영상처리\과제\프로젝트\과제-일반코드\mfc_exp08\mfc_exp01\mfc_exp01doc.cpp(1260): warning C4018: '<': signed 또는 unsigned가 일치하지 않습니다.
c:\users\doohyun\documents\자주 쓰는 것들\학교 문서들\4학년\2학기\지능형영상처리\과제\프로젝트\과제-일반코드\mfc_exp08\mfc_exp01\mfc_exp01doc.cpp(1262): warning C4018: '<': signed 또는 unsigned가 일치하지 않습니다.
c:\users\doohyun\documents\자주 쓰는 것들\학교 문서들\4학년\2학기\지능형영상처리\과제\프로젝트\과제-일반코드\mfc_exp08\mfc_exp01\mfc_exp01doc.cpp(1287): warning C4018: '<': signed 또는 unsigned가 일치하지 않습니다.
c:\users\doohyun\documents\자주 쓰는 것들\학교 문서들\4학년\2학기\지능형영상처리\과제\프로젝트\과제-일반코드\mfc_exp08\mfc_exp01\mfc_exp01doc.cpp(1289): warning C4018: '<': signed 또는 unsigned가 일치하지 않습니다.
c:\users\doohyun\documents\자주 쓰는 것들\학교 문서들\4학년\2학기\지능형영상처리\과제\프로젝트\과제-일반코드\mfc_exp08\mfc_exp01\mfc_exp01doc.cpp(1315): warning C4018: '<': signed 또는 unsigned가 일치하지 않습니다.
c:\users\doohyun\documents\자주 쓰는 것들\학교 문서들\4학년\2학기\지능형영상처리\과제\프로젝트\과제-일반코드\mfc_exp08\mfc_exp01\mfc_exp01doc.cpp(1317): warning C4018: '<': signed 또는 unsigned가 일치하지 않습니다.
c:\users\doohyun\documents\자주 쓰는 것들\학교 문서들\4학년\2학기\지능형영상처리\과제\프로젝트\과제-일반코드\mfc_exp08\mfc_exp01\mfc_exp01doc.cpp(1325): warning C4018: '<': signed 또는 unsigned가 일치하지 않습니다.
c:\users\doohyun\documents\자주 쓰는 것들\학교 문서들\4학년\2학기\지능형영상처리\과제\프로젝트\과제-일반코드\mfc_exp08\mfc_exp01\mfc_exp01doc.cpp(1327): warning C4018: '<': signed 또는 unsigned가 일치하지 않습니다.
c:\users\doohyun\documents\자주 쓰는 것들\학교 문서들\4학년\2학기\지능형영상처리\과제\프로젝트\과제-일반코드\mfc_exp08\mfc_exp01\mfc_exp01doc.cpp(1335): warning C4018: '<': signed 또는 unsigned가 일치하지 않습니다.
c:\users\doohyun\documents\자주 쓰는 것들\학교 문서들\4학년\2학기\지능형영상처리\과제\프로젝트\과제-일반코드\mfc_exp08\mfc_exp01\mfc_exp01doc.cpp(1337): warning C4018: '<': signed 또는 unsigned가 일치하지 않습니다.
c:\users\doohyun\documents\자주 쓰는 것들\학교 문서들\4학년\2학기\지능형영상처리\과제\프로젝트\과제-일반코드\mfc_exp08\mfc_exp01\mfc_exp01doc.cpp(1343): warning C4018: '<': signed 또는 unsigned가 일치하지 않습니다.
c:\users\doohyun\documents\자주 쓰는 것들\학교 문서들\4학년\2학기\지능형영상처리\과제\프로젝트\과제-일반코드\mfc_exp08\mfc_exp01\mfc_exp01doc.cpp(1345): warning C4018: '<': signed 또는 unsigned가 일치하지 않습니다.
c:\users\doohyun\documents\자주 쓰는 것들\학교 문서들\4학년\2학기\지능형영상처리\과제\프로젝트\과제-일반코드\mfc_exp08\mfc_exp01\mfc_exp01doc.cpp(1366): warning C4244: '초기화 중': 'double'에서 'int'(으)로 변환하면서 데이터가 손실될 수 있습니다.
c:\users\doohyun\documents\자주 쓰는 것들\학교 문서들\4학년\2학기\지능형영상처리\과제\프로젝트\과제-일반코드\mfc_exp08\mfc_exp01\mfc_exp01doc.cpp(1366): warning C4244: '초기화 중': 'double'에서 'const int'(으)로 변환하면서 데이터가 손실될 수 있습니다.
c:\users\doohyun\documents\자주 쓰는 것들\학교 문서들\4학년\2학기\지능형영상처리\과제\프로젝트\과제-일반코드\mfc_exp08\mfc_exp01\mfc_exp01doc.cpp(1425): warning C4244: '초기화 중': 'double'에서 'int'(으)로 변환하면서 데이터가 손실될 수 있습니다.
c:\users\doohyun\documents\자주 쓰는 것들\학교 문서들\4학년\2학기\지능형영상처리\과제\프로젝트\과제-일반코드\mfc_exp08\mfc_exp01\mfc_exp01doc.cpp(1425): warning C4244: '초기화 중': 'double'에서 'const int'(으)로 변환하면서 데이터가 손실될 수 있습니다.
c:\users\doohyun\documents\자주 쓰는 것들\학교 문서들\4학년\2학기\지능형영상처리\과제\프로젝트\과제-일반코드\mfc_exp08\mfc_exp01\mfc_exp01doc.cpp(1457): warning C4244: '초기화 중': 'double'에서 'int'(으)로 변환하면서 데이터가 손실될 수 있습니다.
c:\users\doohyun\documents\자주 쓰는 것들\학교 문서들\4학년\2학기\지능형영상처리\과제\프로젝트\과제-일반코드\mfc_exp08\mfc_exp01\mfc_exp01doc.cpp(1457): warning C4244: '초기화 중': 'double'에서 'const int'(으)로 변환하면서 데이터가 손실될 수 있습니다.
c:\users\doohyun\documents\자주 쓰는 것들\학교 문서들\4학년\2학기\지능형영상처리\과제\프로젝트\과제-일반코드\mfc_exp08\mfc_exp01\mfc_exp01doc.cpp(1494): warning C4018: '<': signed 또는 unsigned가 일치하지 않습니다.
c:\users\doohyun\documents\자주 쓰는 것들\학교 문서들\4학년\2학기\지능형영상처리\과제\프로젝트\과제-일반코드\mfc_exp08\mfc_exp01\mfc_exp01doc.cpp(1496): warning C4018: '<': signed 또는 unsigned가 일치하지 않습니다.
c:\users\doohyun\documents\자주 쓰는 것들\학교 문서들\4학년\2학기\지능형영상처리\과제\프로젝트\과제-일반코드\mfc_exp08\mfc_exp01\mfc_exp01doc.cpp(1519): warning C4018: '<': signed 또는 unsigned가 일치하지 않습니다.
c:\users\doohyun\documents\자주 쓰는 것들\학교 문서들\4학년\2학기\지능형영상처리\과제\프로젝트\과제-일반코드\mfc_exp08\mfc_exp01\mfc_exp01doc.cpp(1521): warning C4018: '<': signed 또는 unsigned가 일치하지 않습니다.
c:\users\doohyun\documents\자주 쓰는 것들\학교 문서들\4학년\2학기\지능형영상처리\과제\프로젝트\과제-일반코드\mfc_exp08\mfc_exp01\mfc_exp01doc.cpp(1523): warning C4244: '=': 'double'에서 'unsigned char'(으)로 변환하면서 데이터가 손실될 수 있습니다.
Matrix.obj : warning LNK4258: '/entry:WinMainCRTStartup' 지시문은 '/ENTRY:wWinMainCRTStartup' 스위치와 호환되지 않습니다. 무시됩니다.
  코드를 생성하고 있습니다.
  0 of 403 functions ( 0.0%) were compiled, the rest were copied from previous compilation.
    0 functions were new in current compilation
    0 functions had inline decision re-evaluated but remain unchanged
  코드를 생성했습니다.
  MFC_Exp01.vcxproj -> C:\Users\DooHyun\Documents\자주 쓰는 것들\학교 문서들\4학년\2학기\지능형영상처리\과제\프로젝트\과제-일반코드\MFC_Exp08\Release\MFC_Exp01.exe
